<?xml version="1.0" encoding="utf-8" standalone="no"?>
<test-run id="0" runstate="Runnable" testcasecount="123" result="Passed" total="7" passed="7" failed="0" inconclusive="0" skipped="0" asserts="21" engine-version="3.11.1.0" clr-version="4.0.30319.42000" start-time="2021-03-11 11:42:57Z" end-time="2021-03-11 11:43:02Z" duration="4.904772">
  <command-line><![CDATA[C:\Users\user\.gradle\caches\nunit\NUnit.Console-3.11.1\bin\net35\nunit3-console.exe -trace=Info -work:E:\il-repack\build\nunit "-where: test == 'ILRepack.IntegrationTests.Scenarios' " -result:E:\il-repack\build\nunit\reports\intermediate-results-nunit\13eabc2d-b82d-4c28-a776-c7a85565d09c.xml E:\il-repack\ILRepack.Tests\bin\Release\ILRepack.Tests.dll E:\il-repack\ILRepack.IntegrationTests\bin\Release\ILRepack.IntegrationTests.dll]]></command-line>
  <filter>
    <test>ILRepack.IntegrationTests.Scenarios</test>
  </filter>
  <test-suite type="Assembly" id="1-1128" name="ILRepack.Tests.dll" fullname="E:\il-repack\ILRepack.Tests\bin\Release\ILRepack.Tests.dll" runstate="Runnable" testcasecount="107" result="Passed" start-time="2021-03-11 11:42:58Z" end-time="2021-03-11 11:42:58Z" duration="0.007175" total="0" passed="0" failed="0" warnings="0" inconclusive="0" skipped="0" asserts="0">
    <environment framework-version="3.12.0.0" clr-version="4.0.30319.42000" os-version="Microsoft Windows NT 10.0.18362.0" platform="Win32NT" cwd="E:\il-repack" machine-name="machine" user="user" user-domain="ORC" culture="en-US" uiculture="en-GB" os-architecture="x64" />
    <settings>
      <setting name="DisposeRunners" value="True" />
      <setting name="InternalTraceLevel" value="Info" />
      <setting name="WorkDirectory" value="E:\il-repack\build\nunit" />
      <setting name="ImageRuntimeVersion" value="4.0.30319" />
      <setting name="ImageTargetFrameworkName" value=".NETFramework,Version=v4.0" />
      <setting name="ImageRequiresX86" value="False" />
      <setting name="ImageRequiresDefaultAppDomainAssemblyResolver" value="False" />
      <setting name="RuntimeFramework" value="net-4.0" />
      <setting name="NumberOfTestWorkers" value="8" />
    </settings>
    <properties>
      <property name="_PID" value="4324" />
      <property name="_APPDOMAIN" value="domain-9cf4dbb2-ILRepack.Tests.dll" />
    </properties>
  </test-suite>
  <test-suite type="Assembly" id="2-1019" name="ILRepack.IntegrationTests.dll" fullname="E:\il-repack\ILRepack.IntegrationTests\bin\Release\ILRepack.IntegrationTests.dll" runstate="Runnable" testcasecount="16" result="Passed" start-time="2021-03-11 11:42:58Z" end-time="2021-03-11 11:43:02Z" duration="4.097745" total="7" passed="7" failed="0" warnings="0" inconclusive="0" skipped="0" asserts="21">
    <environment framework-version="3.12.0.0" clr-version="4.0.30319.42000" os-version="Microsoft Windows NT 10.0.18362.0" platform="Win32NT" cwd="E:\il-repack" machine-name="machine" user="user" user-domain="ORC" culture="en-US" uiculture="en-GB" os-architecture="x64" />
    <settings>
      <setting name="DisposeRunners" value="True" />
      <setting name="InternalTraceLevel" value="Info" />
      <setting name="WorkDirectory" value="E:\il-repack\build\nunit" />
      <setting name="ImageRuntimeVersion" value="4.0.30319" />
      <setting name="ImageTargetFrameworkName" value=".NETFramework,Version=v4.0" />
      <setting name="ImageRequiresX86" value="False" />
      <setting name="ImageRequiresDefaultAppDomainAssemblyResolver" value="False" />
      <setting name="RuntimeFramework" value="net-4.0" />
      <setting name="NumberOfTestWorkers" value="8" />
    </settings>
    <properties>
      <property name="_PID" value="26096" />
      <property name="_APPDOMAIN" value="domain-9c69824a-ILRepack.IntegrationTests.dll" />
    </properties>
    <test-suite type="TestSuite" id="2-1020" name="ILRepack" fullname="ILRepack" runstate="Runnable" testcasecount="16" result="Passed" start-time="2021-03-11 11:42:58Z" end-time="2021-03-11 11:43:02Z" duration="4.077015" total="7" passed="7" failed="0" warnings="0" inconclusive="0" skipped="0" asserts="21">
      <test-suite type="TestSuite" id="2-1021" name="IntegrationTests" fullname="ILRepack.IntegrationTests" runstate="Runnable" testcasecount="16" result="Passed" start-time="2021-03-11 11:42:58Z" end-time="2021-03-11 11:43:02Z" duration="4.076466" total="7" passed="7" failed="0" warnings="0" inconclusive="0" skipped="0" asserts="21">
        <test-suite type="TestFixture" id="2-1000" name="Scenarios" fullname="ILRepack.IntegrationTests.Scenarios" classname="ILRepack.IntegrationTests.Scenarios" runstate="Runnable" testcasecount="7" result="Passed" start-time="2021-03-11 11:42:58Z" end-time="2021-03-11 11:43:02Z" duration="4.065382" total="7" passed="7" failed="0" warnings="0" inconclusive="0" skipped="0" asserts="21">
          <test-case id="2-1004" name="GivenApplicationThatUsesThemingAndStylesFromA_MergedWPFApplicationRunsSuccessfully" fullname="ILRepack.IntegrationTests.Scenarios.GivenApplicationThatUsesThemingAndStylesFromA_MergedWPFApplicationRunsSuccessfully" methodname="GivenApplicationThatUsesThemingAndStylesFromA_MergedWPFApplicationRunsSuccessfully" classname="ILRepack.IntegrationTests.Scenarios" runstate="Runnable" seed="742302680" result="Passed" start-time="2021-03-11 11:42:58Z" end-time="2021-03-11 11:42:59Z" duration="0.369945" asserts="3">
            <output><![CDATA[
Scenario 'WPFThemingAndLibraryStyles' STDOUT: 
]]></output>
          </test-case>
          <test-case id="2-1006" name="GivenDotNet462AppReferencingMicrosoftBclAsyncAndSystemRuntime_MergedApplicationRunsSuccessfully" fullname="ILRepack.IntegrationTests.Scenarios.GivenDotNet462AppReferencingMicrosoftBclAsyncAndSystemRuntime_MergedApplicationRunsSuccessfully" methodname="GivenDotNet462AppReferencingMicrosoftBclAsyncAndSystemRuntime_MergedApplicationRunsSuccessfully" classname="ILRepack.IntegrationTests.Scenarios" runstate="Runnable" seed="1485392325" result="Passed" start-time="2021-03-11 11:42:59Z" end-time="2021-03-11 11:42:59Z" duration="0.806098" asserts="3">
            <output><![CDATA[
Scenario 'DotNet462Application' STDOUT: 1
CallerMemberName: Main
42

]]></output>
          </test-case>
          <test-case id="2-1007" name="GivenDotNet462AppUsingNetStandard2LibrarySetAndReflection_MergedApplicationRunsSuccessfully" fullname="ILRepack.IntegrationTests.Scenarios.GivenDotNet462AppUsingNetStandard2LibrarySetAndReflection_MergedApplicationRunsSuccessfully" methodname="GivenDotNet462AppUsingNetStandard2LibrarySetAndReflection_MergedApplicationRunsSuccessfully" classname="ILRepack.IntegrationTests.Scenarios" runstate="Runnable" seed="1849136735" result="Passed" start-time="2021-03-11 11:42:59Z" end-time="2021-03-11 11:43:00Z" duration="0.122148" asserts="3">
            <output><![CDATA[
Scenario 'DotNet462NetStandard2' STDOUT: Unsafe success
Reflection success

]]></output>
          </test-case>
          <test-case id="2-1005" name="GivenSampleApplicationWithMahAppsAndSystemWindowsInteractivityWPF_MergedWPFApplicationRunsSuccessfully" fullname="ILRepack.IntegrationTests.Scenarios.GivenSampleApplicationWithMahAppsAndSystemWindowsInteractivityWPF_MergedWPFApplicationRunsSuccessfully" methodname="GivenSampleApplicationWithMahAppsAndSystemWindowsInteractivityWPF_MergedWPFApplicationRunsSuccessfully" classname="ILRepack.IntegrationTests.Scenarios" runstate="Runnable" seed="1566109203" result="Passed" start-time="2021-03-11 11:43:00Z" end-time="2021-03-11 11:43:01Z" duration="1.372716" asserts="3">
            <output><![CDATA[
Scenario 'WPFSampleApplication' STDOUT: 
]]></output>
          </test-case>
          <test-case id="2-1001" name="GivenXAMLThatUsesLibraryClass_MergedWPFApplicationRunsSuccessfully" fullname="ILRepack.IntegrationTests.Scenarios.GivenXAMLThatUsesLibraryClass_MergedWPFApplicationRunsSuccessfully" methodname="GivenXAMLThatUsesLibraryClass_MergedWPFApplicationRunsSuccessfully" classname="ILRepack.IntegrationTests.Scenarios" runstate="Runnable" seed="213223370" result="Passed" start-time="2021-03-11 11:43:01Z" end-time="2021-03-11 11:43:01Z" duration="0.302080" asserts="3">
            <output><![CDATA[
Scenario 'LibraryClassUsageInXAML' STDOUT: 
]]></output>
          </test-case>
          <test-case id="2-1002" name="GivenXAMLThatUsesLibraryUserControl_MergedWPFApplicationRunsSuccessfully" fullname="ILRepack.IntegrationTests.Scenarios.GivenXAMLThatUsesLibraryUserControl_MergedWPFApplicationRunsSuccessfully" methodname="GivenXAMLThatUsesLibraryUserControl_MergedWPFApplicationRunsSuccessfully" classname="ILRepack.IntegrationTests.Scenarios" runstate="Runnable" seed="1108929158" result="Passed" start-time="2021-03-11 11:43:01Z" end-time="2021-03-11 11:43:01Z" duration="0.283276" asserts="3">
            <output><![CDATA[
Scenario 'LibraryUserControlUsageInXAML' STDOUT: 
]]></output>
          </test-case>
          <test-case id="2-1003" name="GivenXAMLThatUsesNestedLibraryUserControlAndClass_MergedWPFApplicationRunsSuccessfully" fullname="ILRepack.IntegrationTests.Scenarios.GivenXAMLThatUsesNestedLibraryUserControlAndClass_MergedWPFApplicationRunsSuccessfully" methodname="GivenXAMLThatUsesNestedLibraryUserControlAndClass_MergedWPFApplicationRunsSuccessfully" classname="ILRepack.IntegrationTests.Scenarios" runstate="Runnable" seed="364659154" result="Passed" start-time="2021-03-11 11:43:01Z" end-time="2021-03-11 11:43:02Z" duration="0.794188" asserts="3">
            <output><![CDATA[
Scenario 'NestedLibraryUsageInXAML' STDOUT: CallerMemberName: MainWindowLoaded

]]></output>
          </test-case>
        </test-suite>
      </test-suite>
    </test-suite>
  </test-suite>
</test-run>
