<?xml version="1.0" encoding="utf-8" standalone="no"?>
<!--This file represents the results of running a test suite-->
<test-results name="E:\src\p\il-repack\ILRepack.IntegrationTests\bin\Release\ILRepack.IntegrationTests.dll" total="13" errors="0" failures="0" not-run="0" inconclusive="0" ignored="0" skipped="0" invalid="0" date="2016-01-19" time="13:25:39">
  <environment nunit-version="2.6.4.14350" clr-version="2.0.50727.8670" os-version="Microsoft Windows NT 6.2.9200.0" platform="Win32NT" cwd="E:\src\p\il-repack" machine-name="machinename" user="username" user-domain="domain" />
  <culture-info current-culture="en-US" current-uiculture="en-US" />
  <test-suite type="Assembly" name="E:\src\p\il-repack\ILRepack.IntegrationTests\bin\Release\ILRepack.IntegrationTests.dll" executed="True" result="Success" success="True" time="123.035" asserts="0">
    <results>
      <test-suite type="Namespace" name="ILRepack" executed="True" result="Success" success="True" time="123.028" asserts="0">
        <results>
          <test-suite type="Namespace" name="IntegrationTests" executed="True" result="Success" success="True" time="123.028" asserts="0">
            <results>
              <test-suite type="Namespace" name="NuGet" executed="True" result="Success" success="True" time="123.028" asserts="0">
                <results>
                  <test-suite type="TestFixture" name="RepackNuGetTests" executed="True" result="Success" success="True" time="123.027" asserts="0">
                    <results>
                      <test-suite type="ParameterizedTest" name="NupkgPlatform" executed="True" result="Success" success="True" time="114.464" asserts="0">
                        <categories>
                          <category name="LongRunning" />
                        </categories>
                        <results>
                          <test-case name="ILRepack.IntegrationTests.NuGet.RepackNuGetTests.NupkgPlatform(UnionArgParser:0.8.7,FSharp.Core:3.0.2)" executed="True" result="Success" success="True" time="3.651" asserts="3">
                            <categories>
                              <category name="ComplexTests" />
                            </categories>
                          </test-case>
                          <test-case name="ILRepack.IntegrationTests.NuGet.RepackNuGetTests.NupkgPlatform(UnionArgParser:0.8.7,FSharp.Core:3.0.2)" executed="True" result="Success" success="True" time="2.868" asserts="3">
                            <categories>
                              <category name="ComplexTests" />
                            </categories>
                          </test-case>
                          <test-case name="ILRepack.IntegrationTests.NuGet.RepackNuGetTests.NupkgPlatform(MassTransit:2.9.9,Magnum:2.1.3,Newtonsoft.Json:6.0.8)" executed="True" result="Success" success="True" time="7.779" asserts="3">
                            <categories>
                              <category name="ComplexTests" />
                            </categories>
                          </test-case>
                          <test-case name="ILRepack.IntegrationTests.NuGet.RepackNuGetTests.NupkgPlatform(MassTransit:2.9.9,Magnum:2.1.3,Newtonsoft.Json:6.0.8)" executed="True" result="Success" success="True" time="5.489" asserts="3">
                            <categories>
                              <category name="ComplexTests" />
                            </categories>
                          </test-case>
                          <test-case name="ILRepack.IntegrationTests.NuGet.RepackNuGetTests.NupkgPlatform(Paket.Core:1.11.6,FSharp.Core:3.1.2.1)" executed="True" result="Success" success="True" time="8.046" asserts="3">
                            <categories>
                              <category name="ComplexTests" />
                            </categories>
                          </test-case>
                          <test-case name="ILRepack.IntegrationTests.NuGet.RepackNuGetTests.NupkgPlatform(FSharp.Compiler.Service:1.4.0.6,FSharp.Core:4.0.0.1)" executed="True" result="Success" success="True" time="86.619" asserts="3">
                            <categories>
                              <category name="ComplexTests" />
                            </categories>
                          </test-case>
                        </results>
                      </test-suite>
                      <test-suite type="ParameterizedTest" name="RoundtripNupkg" executed="True" result="Success" success="True" time="6.525" asserts="0">
                        <results>
                          <test-case name="ILRepack.IntegrationTests.NuGet.RepackNuGetTests.RoundtripNupkg(Antlr:3.5.0.2)" executed="True" result="Success" success="True" time="1.198" asserts="2" />
                          <test-case name="ILRepack.IntegrationTests.NuGet.RepackNuGetTests.RoundtripNupkg(Autofac:3.5.2)" executed="True" result="Success" success="True" time="0.721" asserts="2" />
                          <test-case name="ILRepack.IntegrationTests.NuGet.RepackNuGetTests.RoundtripNupkg(AutoMapper:3.3.1)" executed="True" result="Success" success="True" time="1.084" asserts="3" />
                          <test-case name="ILRepack.IntegrationTests.NuGet.RepackNuGetTests.RoundtripNupkg(MahApps.Metro:1.1.2)" executed="True" result="Success" success="True" time="2.665" asserts="5" />
                          <test-case name="ILRepack.IntegrationTests.NuGet.RepackNuGetTests.RoundtripNupkg(Microsoft.Bcl.Async:1.0.168)" executed="True" result="Success" success="True" time="0.853" asserts="4" />
                        </results>
                      </test-suite>
                      <test-case name="ILRepack.IntegrationTests.NuGet.RepackNuGetTests.VerifiesMergedSignedAssemblyHasNoUnsignedFriend" executed="True" result="Success" success="True" time="1.248" asserts="3" />
                      <test-case name="ILRepack.IntegrationTests.NuGet.RepackNuGetTests.VerifiesMergesBclFine" executed="True" result="Success" success="True" time="0.779" asserts="4" />
                    </results>
                  </test-suite>
                </results>
              </test-suite>
            </results>
          </test-suite>
        </results>
      </test-suite>
    </results>
  </test-suite>
</test-results>
